<?xml version="1.0" encoding="UTF-8"?>
<!-- Generated by org.testng.reporters.JUnitReportReporter -->
<testsuite skipped="0" hostname="css-HP-EliteBook-840-G1" name="com.elms.Testcase.DeleteRoleTest" tests="1" failures="0" timestamp="22 May 2019 05:45:17 GMT" time="18.436" errors="0">
  <testcase name="loginpage" time="18.436" classname="com.elms.Testcase.DeleteRoleTest"/>
</testsuite> <!-- com.elms.Testcase.DeleteRoleTest -->
