<?xml version="1.0" encoding="UTF-8"?>
<!-- Generated by org.testng.reporters.JUnitReportReporter -->
<testsuite skipped="0" hostname="css-HP-EliteBook-840-G1" name="com.elms.Testcase.ForgotPasswordTest" tests="1" failures="0" timestamp="28 Feb 2019 09:46:33 GMT" time="4.569" errors="0">
  <testcase name="ForgotPswd" time="4.569" classname="com.elms.Testcase.ForgotPasswordTest"/>
</testsuite> <!-- com.elms.Testcase.ForgotPasswordTest -->
