<?xml version="1.0" encoding="UTF-8"?>
<!-- Generated by org.testng.reporters.JUnitReportReporter -->
<testsuite skipped="0" hostname="css-HP-EliteBook-840-G1" name="com.elms.Testcase.FailedTest" tests="1" failures="0" timestamp="04 Apr 2019 05:47:17 GMT" time="14.603" errors="0">
  <testcase name="captureScreenshot" time="14.603" classname="com.elms.Testcase.FailedTest"/>
</testsuite> <!-- com.elms.Testcase.FailedTest -->
