<?xml version="1.0" encoding="UTF-8"?>
<!-- Generated by org.testng.reporters.JUnitReportReporter -->
<testsuite skipped="0" hostname="css-HP-EliteBook-840-G1" name="com.elms.Testcase.AddRoleTest" tests="2" failures="0" timestamp="21 May 2019 13:24:50 GMT" time="25.985" errors="0">
  <testcase name="loginpage" time="5.885" classname="com.elms.Testcase.AddRoleTest"/>
  <testcase name="ADDRolez" time="20.100" classname="com.elms.Testcase.AddRoleTest"/>
</testsuite> <!-- com.elms.Testcase.AddRoleTest -->
