<?xml version="1.0" encoding="UTF-8"?>
<!-- Generated by org.testng.reporters.JUnitReportReporter -->
<testsuite skipped="0" hostname="css-HP-EliteBook-840-G1" name="com.elms.Testcase.EditRoleTest" tests="2" failures="0" timestamp="22 May 2019 04:46:49 GMT" time="18.486" errors="0">
  <testcase name="loginpage" time="4.370" classname="com.elms.Testcase.EditRoleTest"/>
  <testcase name="EDITRolez" time="14.116" classname="com.elms.Testcase.EditRoleTest"/>
</testsuite> <!-- com.elms.Testcase.EditRoleTest -->
