<?xml version="1.0" encoding="UTF-8"?>
<!-- Generated by org.testng.reporters.JUnitReportReporter -->
<testsuite skipped="0" hostname="css-HP-EliteBook-840-G1" name="com.elms.Testcase.SearchRoleTest" tests="2" failures="0" timestamp="22 May 2019 04:40:32 GMT" time="24.864" errors="0">
  <testcase name="loginpage" time="8.332" classname="com.elms.Testcase.SearchRoleTest"/>
  <testcase name="SEARCHRolez" time="16.532" classname="com.elms.Testcase.SearchRoleTest"/>
</testsuite> <!-- com.elms.Testcase.SearchRoleTest -->
